Arguments: 
  C:\Program Files\nodejs\node.exe C:\Users\Jonathan\AppData\Roaming\npm\node_modules\yarn\bin\yarn.js run start:dev

PATH: 
  C:\Users\Jonathan\Repositories\github\tato123\diff\packages\gae-api\node_modules\.bin;C:\Users\Jonathan\Repositories\github\tato123\diff\packages\node_modules\.bin;C:\Users\Jonathan\Repositories\github\tato123\diff\node_modules\.bin;C:\Users\Jonathan\Repositories\github\tato123\node_modules\.bin;C:\Users\Jonathan\Repositories\github\node_modules\.bin;C:\Users\Jonathan\Repositories\node_modules\.bin;C:\Users\Jonathan\node_modules\.bin;C:\Users\node_modules\.bin;C:\node_modules\.bin;C:\Program Files\nodejs;C:\Users\Jonathan\Repositories\github\tato123\diff\node_modules\.bin;C:\Users\Jonathan\AppData\Local\Yarn\Data\link\node_modules\.bin;C:\Users\Jonathan\Repositories\github\tato123\diff\node_modules\.bin;C:\Users\Jonathan\Repositories\github\tato123\diff\node_modules\.bin;C:\Users\Jonathan\AppData\Local\Yarn\Data\link\node_modules\.bin;C:\Users\Jonathan\Repositories\github\tato123\diff\node_modules\.bin;C:\Users\Jonathan\AppData\Local\Yarn\bin;C:\Program Files\libexec\lib\node_modules\npm\bin\node-gyp-bin;C:\Program Files\lib\node_modules\npm\bin\node-gyp-bin;C:\Program Files\nodejs\node_modules\npm\bin\node-gyp-bin;C:\Program Files\nodejs;C:\Users\Jonathan\Downloads\cmder\bin;C:\Users\Jonathan\Downloads\cmder\vendor\conemu-maximus5\ConEmu\Scripts;C:\Program Files (x86)\Common Files\Intel\Shared Libraries\redist\intel64\compiler;C:\Program Files (x86)\Intel\iCLS Client\;C:\Program Files\Intel\iCLS Client\;C:\ProgramData\Oracle\Java\javapath;C:\WINDOWS\system32;C:\WINDOWS;C:\WINDOWS\System32\Wbem;C:\WINDOWS\System32\WindowsPowerShell\v1.0\;C:\Program Files (x86)\NVIDIA Corporation\PhysX\Common;C:\Program Files\Intel\WiFi\bin\;C:\Program Files\Common Files\Intel\WirelessCommon\;C:\Program Files (x86)\GtkSharp\2.12\bin;C:\ProgramData\chocolatey\bin;C:\Program Files\Git\cmd;C:\Program Files (x86)\sbt\bin;C:\Program Files (x86)\Google\Cloud SDK\google-cloud-sdk\bin;C:\Program Files\Java\jdk1.8.0_131\bin;C:\Program Files (x86)\vim\vim80;C:\Program Files (x86)\Windows Kits\10\Windows Performance;C:\Go\bin;C:\WINDOWS\System32\OpenSSH\;C:\Pr;C:\WINDOWS\system32;C:\WINDOWS;C:\WINDOWS\System32\Wbem;C:\WINDOWS\System32\WindowsPowerShell\v1.0\;C:\WINDOWS\System32\OpenSSH\;C:\Program Files\nodejs\;C:\Users\Jonathan\.windows-build-tools\python27\;C:\Program Files\nodejs\node_modules\npm\node_modules\npm-lifecycle\node-gyp-bin;C:\Users\Jonathan\AppData\Roaming\npm\node_modules\windows-build-tools\node_modules\.bin;C:\Users\Jonathan\AppData\Roaming\npm\node_modules\.bin;C:\Users\Jonathan\Downloads\cmder\bin;C:\Users\Jonathan\Downloads\cmder\vendor\conemu-maximus5\ConEmu\Scripts;C:\Program Files (x86)\Common Files\Intel\Shared Libraries\redist\intel64\compiler;C:\Program Files (x86)\Intel\iCLS Client\;C:\Program Files\Intel\iCLS Client\;C:\ProgramData\Oracle\Java\javapath;C:\WINDOWS\system32;C:\WINDOWS;C:\WINDOWS\System32\Wbem;C:\WINDOWS\System32\WindowsPowerShell\v1.0\;C:\Program Files (x86)\NVIDIA Corporation\PhysX\Common;C:\Program Files\Intel\WiFi\bin\;C:\Program Files\Common Files\Intel\WirelessCommon\;C:\Program Files (x86)\GtkSharp\2.12\bin;C:\ProgramData\chocolatey\bin;C:\Program Files\Git\cmd;C:\Program Files (x86)\sbt\bin;C:\Program Files (x86)\Google\Cloud SDK\google-cloud-sdk\bin;C:\Program Files\Java\jdk1.8.0_131\bin;C:\Program Files (x86)\vim\vim80;C:\Program Files (x86)\Windows Kits\10\Windows Performance;C:\Go\bin;C:\WINDOWS\System32\OpenSSH\;C:\Pr;C:\Program Files\nodejs\;C:\WINDOWS\system32;C:\WINDOWS;C:\WINDOWS\System32\Wbem;C:\WINDOWS\System32\WindowsPowerShell\v1.0\;C:\WINDOWS\System32\OpenSSH\;C:\Program Files (x86)\Yarn\bin\;C:\Users\Jonathan\.windows-build-tools\python27\;C:\Users\Jonathan\AppData\Local\Yarn\Data\global\node_modules\windows-build-tools\node_modules\.bin;C:\Users\Jonathan\AppData\Local\Yarn\Data\link\node_modules\.bin;C:\Users\Jonathan\AppData\Roaming\npm\node_modules\npm\bin\node-gyp-bin;C:\Users\Jonathan\AppData\Roaming\npm\node_modules\windows-build-tools\node_modules\.bin;C:\Users\Jonathan\AppData\Roaming\npm\node_modules\.bin;C:\Users\Jonathan\Downloads\cmder\bin;C:\Users\Jonathan\Downloads\cmder\vendor\conemu-maximus5\ConEmu\Scripts;C:\Users\Jonathan\Downloads\cmder\vendor\conemu-maximus5;C:\Users\Jonathan\Downloads\cmder\vendor\conemu-maximus5\ConEmu;C:\Users\Jonathan\AppData\Local\Microsoft\WindowsApps;C:\Program Files\NVIDIA GPU Computing;C:\Users\Jonathan\AppData\Local\Microsoft\WindowsApps;C:\Users\Jonathan\AppData\Local\Programs\Microsoft VS Code\bin;C:\Program Files\Git\usr\bin;C:\Program Files\Git\usr\share\vim\vim74;C:\Users\Jonathan\Downloads\cmder\;C:\Users\Jonathan\AppData\Roaming\npm;C:\Program Files\Git\usr\bin;C:\Program Files\Git\usr\share\vim\vim74;C:\Users\Jonathan\Downloads\cmder\

Yarn version: 
  1.10.1

Node version: 
  8.12.0

Platform: 
  win32 x64

Trace: 
  Error: EPIPE: broken pipe, write
      at Socket._write (internal/net.js:23:7)
      at doWrite (_stream_writable.js:396:12)
      at writeOrBuffer (_stream_writable.js:382:5)
      at Socket.Writable.write (_stream_writable.js:290:11)
      at Socket.write (net.js:711:40)
      at ConsoleReporter._log (C:\Users\Jonathan\AppData\Roaming\npm\node_modules\yarn\lib\cli.js:86862:17)
      at ConsoleReporter.log (C:\Users\Jonathan\AppData\Roaming\npm\node_modules\yarn\lib\cli.js:86850:10)
      at ConsoleReporter.command (C:\Users\Jonathan\AppData\Roaming\npm\node_modules\yarn\lib\cli.js:86879:10)
      at C:\Users\Jonathan\AppData\Roaming\npm\node_modules\yarn\lib\cli.js:34803:16
      at Generator.next (<anonymous>)

npm manifest: 
  {
    "name": "@diff/gae-api",
    "version": "0.1.1",
    "description": "",
    "main": "index.js",
    "scripts": {
      "start": "cross-env NODE_ENV=production node dist/index.js",
      "start:dev": "cross-env NODE_ENV=development nodemon --exec babel-node --extensions \".ts,.tsx,.js,.jsx\"  src/index.js",
      "build": "npm run build:types && npm run build:js",
      "build:types": "tsc --emitDeclarationOnly",
      "build:js": "babel src --out-dir dist --extensions \".ts,.tsx,.js,.jsx\" --copy-files --source-maps inline",
      "deploy": "npm run build && gcloud app deploy",
      "test": "echo \"no test yet\""
    },
    "author": "",
    "license": "ISC",
    "dependencies": {
      "@google-cloud/debug-agent": "^3.0.0",
      "@google-cloud/logging-winston": "^0.10.1",
      "@google-cloud/storage": "^1.7.0",
      "@google-cloud/trace-agent": "^3.1.1",
      "body-parser": "^1.18.3",
      "commander": "^2.17.1",
      "compression": "^1.7.2",
      "cors": "^2.8.4",
      "cross-env": "^5.2.0",
      "dotenv": "^6.0.0",
      "express": "^4.16.3",
      "express-handlebars": "^3.0.0",
      "express-jwt": "^5.3.1",
      "express-request-proxy": "^2.1.0",
      "express-winston": "^3.0.0",
      "fast-crc32c": "^1.0.4",
      "fastify": "^1.12.1",
      "firebase-admin": "^6.0.0",
      "googleapis": "^32.0.0",
      "jwks-rsa": "^1.3.0",
      "lodash": "^4.17.10",
      "mailgun-js": "^0.20.0",
      "nodemailer": "^4.6.8",
      "nodemailer-express-handlebars": "^3.0.0",
      "nodemailer-mailgun-transport": "^1.4.0",
      "quick-local-ip": "^1.0.7",
      "request": "^2.87.0",
      "semver": "^5.5.0",
      "swagger-express-mw": "^0.7.0",
      "time-diff": "^0.3.1",
      "winston": "^3.1.0",
      "zlib": "^1.0.5"
    },
    "devDependencies": {
      "@babel/cli": "^7.0.0",
      "@babel/core": "^7.0.0",
      "@babel/node": "^7.0.0",
      "@babel/plugin-proposal-class-properties": "^7.0.0",
      "@babel/plugin-proposal-export-default-from": "^7.0.0",
      "@babel/plugin-proposal-object-rest-spread": "^7.0.0",
      "@babel/preset-env": "^7.0.0",
      "@babel/preset-typescript": "^7.0.0",
      "@types/chrome": "^0.0.72",
      "@types/lodash": "^4.14.116",
      "nodemon": "^1.18.3",
      "prettier": "^1.12.1",
      "typescript": "^3.0.3"
    }
  }

yarn manifest: 
  No manifest

Lockfile: 
  No lockfile
